# JRE version: Java(TM) SE Runtime Environment (8.0_381) (build 1.8.0_381-b09)
# Java VM: Java HotSpot(TM) 64-Bit Server VM (25.381-b09 mixed mode bsd-amd64 compressed oops)
Heap:
 PSYoungGen      total 284672K, used 9549K [0x0000000715580000, 0x0000000728080000, 0x00000007c0000000)
  eden space 263168K, 0% used [0x0000000715580000,0x0000000715580000,0x0000000725680000)
  from space 21504K, 44% used [0x0000000726b80000,0x00000007274d3648,0x0000000728080000)
  to   space 21504K, 0% used [0x0000000725680000,0x0000000725680000,0x0000000726b80000)
 ParOldGen       total 349696K, used 32K [0x00000005c0000000, 0x00000005d5580000, 0x0000000715580000)
  object space 349696K, 0% used [0x00000005c0000000,0x00000005c0008000,0x00000005d5580000)
 Metaspace       used 20424K, capacity 21130K, committed 21248K, reserved 1067008K
  class space    used 2521K, capacity 2719K, committed 2816K, reserved 1048576K
GC Heap History (5 events):
Event: 1.310 GC heap before
{Heap before GC invocations=1 (full 0):
 PSYoungGen      total 153088K, used 131584K [0x0000000715580000, 0x0000000720000000, 0x00000007c0000000)
  eden space 131584K, 100% used [0x0000000715580000,0x000000071d600000,0x000000071d600000)
  from space 21504K, 0% used [0x000000071eb00000,0x000000071eb00000,0x0000000720000000)
  to   space 21504K, 0% used [0x000000071d600000,0x000000071d600000,0x000000071eb00000)
 ParOldGen       total 349696K, used 0K [0x00000005c0000000, 0x00000005d5580000, 0x0000000715580000)
  object space 349696K, 0% used [0x00000005c0000000,0x00000005c0000000,0x00000005d5580000)
 Metaspace       used 19568K, capacity 20198K, committed 20352K, reserved 1067008K
  class space    used 2436K, capacity 2603K, committed 2688K, reserved 1048576K
Event: 1.328 GC heap after
Heap after GC invocations=1 (full 0):
 PSYoungGen      total 153088K, used 19083K [0x0000000715580000, 0x0000000728080000, 0x00000007c0000000)
  eden space 131584K, 0% used [0x0000000715580000,0x0000000715580000,0x000000071d600000)
  from space 21504K, 88% used [0x000000071d600000,0x000000071e8a2f38,0x000000071eb00000)
  to   space 21504K, 0% used [0x0000000726b80000,0x0000000726b80000,0x0000000728080000)
 ParOldGen       total 349696K, used 24K [0x00000005c0000000, 0x00000005d5580000, 0x0000000715580000)
  object space 349696K, 0% used [0x00000005c0000000,0x00000005c0006000,0x00000005d5580000)
 Metaspace       used 19568K, capacity 20198K, committed 20352K, reserved 1067008K
  class space    used 2436K, capacity 2603K, committed 2688K, reserved 1048576K
}
Event: 1.503 GC heap before
{Heap before GC invocations=2 (full 0):
 PSYoungGen      total 153088K, used 44094K [0x0000000715580000, 0x0000000728080000, 0x00000007c0000000)
  eden space 131584K, 19% used [0x0000000715580000,0x0000000716decb00,0x000000071d600000)
  from space 21504K, 88% used [0x000000071d600000,0x000000071e8a2f38,0x000000071eb00000)
  to   space 21504K, 0% used [0x0000000726b80000,0x0000000726b80000,0x0000000728080000)
 ParOldGen       total 349696K, used 24K [0x00000005c0000000, 0x00000005d5580000, 0x0000000715580000)
  object space 349696K, 0% used [0x00000005c0000000,0x00000005c0006000,0x00000005d5580000)
 Metaspace       used 20424K, capacity 21130K, committed 21248K, reserved 1067008K
  class space    used 2521K, capacity 2719K, committed 2816K, reserved 1048576K
Event: 1.510 GC heap after
Heap after GC invocations=2 (full 0):
 PSYoungGen      total 284672K, used 9549K [0x0000000715580000, 0x0000000728080000, 0x00000007c0000000)
  eden space 263168K, 0% used [0x0000000715580000,0x0000000715580000,0x0000000725680000)
  from space 21504K, 44% used [0x0000000726b80000,0x00000007274d3648,0x0000000728080000)
  to   space 21504K, 0% used [0x0000000725680000,0x0000000725680000,0x0000000726b80000)
 ParOldGen       total 349696K, used 32K [0x00000005c0000000, 0x00000005d5580000, 0x0000000715580000)
  object space 349696K, 0% used [0x00000005c0000000,0x00000005c0008000,0x00000005d5580000)
 Metaspace       used 20424K, capacity 21130K, committed 21248K, reserved 1067008K
  class space    used 2521K, capacity 2719K, committed 2816K, reserved 1048576K
}
Event: 1.510 GC heap before
{Heap before GC invocations=3 (full 1):
 PSYoungGen      total 284672K, used 9549K [0x0000000715580000, 0x0000000728080000, 0x00000007c0000000)
  eden space 263168K, 0% used [0x0000000715580000,0x0000000715580000,0x0000000725680000)
  from space 21504K, 44% used [0x0000000726b80000,0x00000007274d3648,0x0000000728080000)
  to   space 21504K, 0% used [0x0000000725680000,0x0000000725680000,0x0000000726b80000)
 ParOldGen       total 349696K, used 32K [0x00000005c0000000, 0x00000005d5580000, 0x0000000715580000)
  object space 349696K, 0% used [0x00000005c0000000,0x00000005c0008000,0x00000005d5580000)
 Metaspace       used 20424K, capacity 21130K, committed 21248K, reserved 1067008K
  class space    used 2521K, capacity 2719K, committed 2816K, reserved 1048576K

